<?xml version="1.0" encoding="UTF-8"?>
<coverage generated="1674807113">
  <project timestamp="1674807113">
    <file name="/home/runner/work/automapper/automapper/src/Context/Context.php">
      <class name="Acelot\AutoMapper\Context\Context" namespace="global">
        <metrics complexity="5" methods="4" coveredmethods="4" conditionals="0" coveredconditionals="0" statements="6" coveredstatements="6" elements="10" coveredelements="10"/>
      </class>
      <line num="12" type="method" name="__construct" visibility="public" complexity="1" crap="1" count="38"/>
      <line num="14" type="stmt" count="38"/>
      <line num="16" type="method" name="has" visibility="public" complexity="1" crap="1" count="9"/>
      <line num="18" type="stmt" count="9"/>
      <line num="21" type="method" name="get" visibility="public" complexity="2" crap="2" count="7"/>
      <line num="23" type="stmt" count="7"/>
      <line num="24" type="stmt" count="1"/>
      <line num="27" type="stmt" count="6"/>
      <line num="30" type="method" name="set" visibility="public" complexity="1" crap="1" count="1"/>
      <line num="32" type="stmt" count="1"/>
      <metrics loc="35" ncloc="32" classes="1" methods="4" coveredmethods="4" conditionals="0" coveredconditionals="0" statements="6" coveredstatements="6" elements="10" coveredelements="10"/>
    </file>
    <file name="/home/runner/work/automapper/automapper/src/Context/ContextInterface.php">
      <metrics loc="13" ncloc="13" classes="0" methods="0" coveredmethods="0" conditionals="0" coveredconditionals="0" statements="0" coveredstatements="0" elements="0" coveredelements="0"/>
    </file>
    <file name="/home/runner/work/automapper/automapper/src/Exception/NotFoundException.php">
      <class name="Acelot\AutoMapper\Exception\NotFoundException" namespace="global">
        <metrics complexity="2" methods="2" coveredmethods="2" conditionals="0" coveredconditionals="0" statements="2" coveredstatements="2" elements="4" coveredelements="4"/>
      </class>
      <line num="10" type="method" name="__construct" visibility="public" complexity="1" crap="1" count="3"/>
      <line num="14" type="stmt" count="3"/>
      <line num="17" type="method" name="getPath" visibility="public" complexity="1" crap="1" count="1"/>
      <line num="19" type="stmt" count="1"/>
      <metrics loc="22" ncloc="22" classes="1" methods="2" coveredmethods="2" conditionals="0" coveredconditionals="0" statements="2" coveredstatements="2" elements="4" coveredelements="4"/>
    </file>
    <file name="/home/runner/work/automapper/automapper/src/Exception/UnexpectedValueException.php">
      <class name="Acelot\AutoMapper\Exception\UnexpectedValueException" namespace="global">
        <metrics complexity="5" methods="4" coveredmethods="4" conditionals="0" coveredconditionals="0" statements="8" coveredstatements="8" elements="12" coveredelements="12"/>
      </class>
      <line num="10" type="method" name="__construct" visibility="public" complexity="1" crap="1" count="15"/>
      <line num="15" type="stmt" count="15"/>
      <line num="16" type="stmt" count="15"/>
      <line num="17" type="stmt" count="15"/>
      <line num="20" type="method" name="getExpectedType" visibility="public" complexity="1" crap="1" count="1"/>
      <line num="22" type="stmt" count="1"/>
      <line num="25" type="method" name="getActualValue" visibility="public" complexity="1" crap="1" count="1"/>
      <line num="27" type="stmt" count="1"/>
      <line num="30" type="method" name="getActualType" visibility="public" complexity="2" crap="2" count="15"/>
      <line num="32" type="stmt" count="15"/>
      <line num="33" type="stmt" count="4"/>
      <line num="34" type="stmt" count="15"/>
      <metrics loc="37" ncloc="37" classes="1" methods="4" coveredmethods="4" conditionals="0" coveredconditionals="0" statements="8" coveredstatements="8" elements="12" coveredelements="12"/>
    </file>
    <file name="/home/runner/work/automapper/automapper/src/Exception/UnknownPartException.php">
      <class name="Acelot\AutoMapper\Exception\UnknownPartException" namespace="global">
        <metrics complexity="2" methods="2" coveredmethods="2" conditionals="0" coveredconditionals="0" statements="2" coveredstatements="2" elements="4" coveredelements="4"/>
      </class>
      <line num="11" type="method" name="__construct" visibility="public" complexity="1" crap="1" count="2"/>
      <line num="15" type="stmt" count="2"/>
      <line num="18" type="method" name="getPart" visibility="public" complexity="1" crap="1" count="1"/>
      <line num="20" type="stmt" count="1"/>
      <metrics loc="23" ncloc="23" classes="1" methods="2" coveredmethods="2" conditionals="0" coveredconditionals="0" statements="2" coveredstatements="2" elements="4" coveredelements="4"/>
    </file>
    <file name="/home/runner/work/automapper/automapper/src/Extractor/FromArrayKey.php">
      <class name="Acelot\AutoMapper\Extractor\FromArrayKey" namespace="global">
        <metrics complexity="8" methods="4" coveredmethods="4" conditionals="0" coveredconditionals="0" statements="7" coveredstatements="7" elements="11" coveredelements="11"/>
      </class>
      <line num="9" type="method" name="__construct" visibility="public" complexity="1" crap="1" count="39"/>
      <line num="11" type="stmt" count="39"/>
      <line num="13" type="method" name="getKey" visibility="public" complexity="1" crap="1" count="1"/>
      <line num="15" type="stmt" count="1"/>
      <line num="18" type="method" name="isExtractable" visibility="public" complexity="5" crap="5" count="36"/>
      <line num="20" type="stmt" count="36"/>
      <line num="21" type="stmt" count="36"/>
      <line num="22" type="stmt" count="36"/>
      <line num="23" type="stmt" count="36"/>
      <line num="26" type="method" name="extract" visibility="public" complexity="1" crap="1" count="33"/>
      <line num="28" type="stmt" count="33"/>
      <metrics loc="31" ncloc="31" classes="1" methods="4" coveredmethods="4" conditionals="0" coveredconditionals="0" statements="7" coveredstatements="7" elements="11" coveredelements="11"/>
    </file>
    <file name="/home/runner/work/automapper/automapper/src/Extractor/FromArrayKeyFirst.php">
      <class name="Acelot\AutoMapper\Extractor\FromArrayKeyFirst" namespace="global">
        <metrics complexity="3" methods="2" coveredmethods="2" conditionals="0" coveredconditionals="0" statements="2" coveredstatements="2" elements="4" coveredelements="4"/>
      </class>
      <line num="9" type="method" name="isExtractable" visibility="public" complexity="2" crap="2" count="3"/>
      <line num="11" type="stmt" count="3"/>
      <line num="14" type="method" name="extract" visibility="public" complexity="1" crap="1" count="2"/>
      <line num="16" type="stmt" count="2"/>
      <metrics loc="19" ncloc="19" classes="1" methods="2" coveredmethods="2" conditionals="0" coveredconditionals="0" statements="2" coveredstatements="2" elements="4" coveredelements="4"/>
    </file>
    <file name="/home/runner/work/automapper/automapper/src/Extractor/FromArrayKeyLast.php">
      <class name="Acelot\AutoMapper\Extractor\FromArrayKeyLast" namespace="global">
        <metrics complexity="3" methods="2" coveredmethods="2" conditionals="0" coveredconditionals="0" statements="2" coveredstatements="2" elements="4" coveredelements="4"/>
      </class>
      <line num="9" type="method" name="isExtractable" visibility="public" complexity="2" crap="2" count="4"/>
      <line num="11" type="stmt" count="4"/>
      <line num="14" type="method" name="extract" visibility="public" complexity="1" crap="1" count="3"/>
      <line num="16" type="stmt" count="3"/>
      <metrics loc="19" ncloc="19" classes="1" methods="2" coveredmethods="2" conditionals="0" coveredconditionals="0" statements="2" coveredstatements="2" elements="4" coveredelements="4"/>
    </file>
    <file name="/home/runner/work/automapper/automapper/src/Extractor/FromObjectMethod.php">
      <class name="Acelot\AutoMapper\Extractor\FromObjectMethod" namespace="global">
        <metrics complexity="5" methods="4" coveredmethods="4" conditionals="0" coveredconditionals="0" statements="4" coveredstatements="4" elements="8" coveredelements="8"/>
      </class>
      <line num="9" type="method" name="__construct" visibility="public" complexity="1" crap="1" count="6"/>
      <line num="11" type="stmt" count="6"/>
      <line num="13" type="method" name="getMethod" visibility="public" complexity="1" crap="1" count="1"/>
      <line num="15" type="stmt" count="1"/>
      <line num="18" type="method" name="isExtractable" visibility="public" complexity="2" crap="2" count="4"/>
      <line num="20" type="stmt" count="4"/>
      <line num="23" type="method" name="extract" visibility="public" complexity="1" crap="1" count="2"/>
      <line num="25" type="stmt" count="2"/>
      <metrics loc="28" ncloc="28" classes="1" methods="4" coveredmethods="4" conditionals="0" coveredconditionals="0" statements="4" coveredstatements="4" elements="8" coveredelements="8"/>
    </file>
    <file name="/home/runner/work/automapper/automapper/src/Extractor/FromObjectProp.php">
      <class name="Acelot\AutoMapper\Extractor\FromObjectProp" namespace="global">
        <metrics complexity="5" methods="4" coveredmethods="4" conditionals="0" coveredconditionals="0" statements="4" coveredstatements="4" elements="8" coveredelements="8"/>
      </class>
      <line num="9" type="method" name="__construct" visibility="public" complexity="1" crap="1" count="5"/>
      <line num="11" type="stmt" count="5"/>
      <line num="13" type="method" name="getProperty" visibility="public" complexity="1" crap="1" count="1"/>
      <line num="15" type="stmt" count="1"/>
      <line num="18" type="method" name="isExtractable" visibility="public" complexity="2" crap="2" count="3"/>
      <line num="20" type="stmt" count="3"/>
      <line num="23" type="method" name="extract" visibility="public" complexity="1" crap="1" count="1"/>
      <line num="25" type="stmt" count="1"/>
      <metrics loc="28" ncloc="28" classes="1" methods="4" coveredmethods="4" conditionals="0" coveredconditionals="0" statements="4" coveredstatements="4" elements="8" coveredelements="8"/>
    </file>
    <file name="/home/runner/work/automapper/automapper/src/Extractor/FromSelf.php">
      <class name="Acelot\AutoMapper\Extractor\FromSelf" namespace="global">
        <metrics complexity="2" methods="2" coveredmethods="2" conditionals="0" coveredconditionals="0" statements="2" coveredstatements="2" elements="4" coveredelements="4"/>
      </class>
      <line num="9" type="method" name="isExtractable" visibility="public" complexity="1" crap="1" count="3"/>
      <line num="11" type="stmt" count="3"/>
      <line num="14" type="method" name="extract" visibility="public" complexity="1" crap="1" count="3"/>
      <line num="16" type="stmt" count="3"/>
      <metrics loc="19" ncloc="19" classes="1" methods="2" coveredmethods="2" conditionals="0" coveredconditionals="0" statements="2" coveredstatements="2" elements="4" coveredelements="4"/>
    </file>
    <file name="/home/runner/work/automapper/automapper/src/ExtractorInterface.php">
      <metrics loc="11" ncloc="11" classes="0" methods="0" coveredmethods="0" conditionals="0" coveredconditionals="0" statements="0" coveredstatements="0" elements="0" coveredelements="0"/>
    </file>
    <file name="/home/runner/work/automapper/automapper/src/ExtractorResolver.php">
      <class name="Acelot\AutoMapper\ExtractorResolver" namespace="global">
        <metrics complexity="7" methods="1" coveredmethods="1" conditionals="0" coveredconditionals="0" statements="13" coveredstatements="13" elements="14" coveredelements="14"/>
      </class>
      <line num="12" type="method" name="resolve" visibility="public" complexity="7" crap="7" count="41"/>
      <line num="14" type="stmt" count="41"/>
      <line num="15" type="stmt" count="33"/>
      <line num="18" type="stmt" count="11"/>
      <line num="19" type="stmt" count="1"/>
      <line num="22" type="stmt" count="10"/>
      <line num="23" type="stmt" count="2"/>
      <line num="26" type="stmt" count="9"/>
      <line num="27" type="stmt" count="3"/>
      <line num="30" type="stmt" count="6"/>
      <line num="31" type="stmt" count="2"/>
      <line num="34" type="stmt" count="4"/>
      <line num="35" type="stmt" count="3"/>
      <line num="38" type="stmt" count="1"/>
      <metrics loc="41" ncloc="41" classes="1" methods="1" coveredmethods="1" conditionals="0" coveredconditionals="0" statements="13" coveredstatements="13" elements="14" coveredelements="14"/>
    </file>
    <file name="/home/runner/work/automapper/automapper/src/ExtractorResolverInterface.php">
      <metrics loc="11" ncloc="11" classes="0" methods="0" coveredmethods="0" conditionals="0" coveredconditionals="0" statements="0" coveredstatements="0" elements="0" coveredelements="0"/>
    </file>
    <file name="/home/runner/work/automapper/automapper/src/Field/ToArrayKey.php">
      <class name="Acelot\AutoMapper\Field\ToArrayKey" namespace="global">
        <metrics complexity="3" methods="3" coveredmethods="3" conditionals="0" coveredconditionals="0" statements="3" coveredstatements="3" elements="6" coveredelements="6"/>
      </class>
      <line num="10" type="method" name="__construct" visibility="public" complexity="1" crap="1" count="32"/>
      <line num="13" type="stmt" count="32"/>
      <line num="15" type="method" name="getProcessor" visibility="public" complexity="1" crap="1" count="31"/>
      <line num="17" type="stmt" count="31"/>
      <line num="20" type="method" name="writeValue" visibility="public" complexity="1" crap="1" count="31"/>
      <line num="22" type="stmt" count="31"/>
      <metrics loc="25" ncloc="25" classes="1" methods="3" coveredmethods="3" conditionals="0" coveredconditionals="0" statements="3" coveredstatements="3" elements="6" coveredelements="6"/>
    </file>
    <file name="/home/runner/work/automapper/automapper/src/Field/ToObjectMethod.php">
      <class name="Acelot\AutoMapper\Field\ToObjectMethod" namespace="global">
        <metrics complexity="3" methods="3" coveredmethods="3" conditionals="0" coveredconditionals="0" statements="3" coveredstatements="3" elements="6" coveredelements="6"/>
      </class>
      <line num="10" type="method" name="__construct" visibility="public" complexity="1" crap="1" count="3"/>
      <line num="13" type="stmt" count="3"/>
      <line num="15" type="method" name="getProcessor" visibility="public" complexity="1" crap="1" count="2"/>
      <line num="17" type="stmt" count="2"/>
      <line num="20" type="method" name="writeValue" visibility="public" complexity="1" crap="1" count="2"/>
      <line num="22" type="stmt" count="2"/>
      <metrics loc="25" ncloc="25" classes="1" methods="3" coveredmethods="3" conditionals="0" coveredconditionals="0" statements="3" coveredstatements="3" elements="6" coveredelements="6"/>
    </file>
    <file name="/home/runner/work/automapper/automapper/src/Field/ToObjectProp.php">
      <class name="Acelot\AutoMapper\Field\ToObjectProp" namespace="global">
        <metrics complexity="3" methods="3" coveredmethods="3" conditionals="0" coveredconditionals="0" statements="3" coveredstatements="3" elements="6" coveredelements="6"/>
      </class>
      <line num="10" type="method" name="__construct" visibility="public" complexity="1" crap="1" count="4"/>
      <line num="13" type="stmt" count="4"/>
      <line num="15" type="method" name="getProcessor" visibility="public" complexity="1" crap="1" count="3"/>
      <line num="17" type="stmt" count="3"/>
      <line num="20" type="method" name="writeValue" visibility="public" complexity="1" crap="1" count="3"/>
      <line num="22" type="stmt" count="3"/>
      <metrics loc="25" ncloc="25" classes="1" methods="3" coveredmethods="3" conditionals="0" coveredconditionals="0" statements="3" coveredstatements="3" elements="6" coveredelements="6"/>
    </file>
    <file name="/home/runner/work/automapper/automapper/src/Field/ToSelf.php">
      <class name="Acelot\AutoMapper\Field\ToSelf" namespace="global">
        <metrics complexity="3" methods="3" coveredmethods="3" conditionals="0" coveredconditionals="0" statements="3" coveredstatements="3" elements="6" coveredelements="6"/>
      </class>
      <line num="10" type="method" name="__construct" visibility="public" complexity="1" crap="1" count="3"/>
      <line num="12" type="stmt" count="3"/>
      <line num="14" type="method" name="getProcessor" visibility="public" complexity="1" crap="1" count="2"/>
      <line num="16" type="stmt" count="2"/>
      <line num="19" type="method" name="writeValue" visibility="public" complexity="1" crap="1" count="2"/>
      <line num="21" type="stmt" count="2"/>
      <metrics loc="24" ncloc="24" classes="1" methods="3" coveredmethods="3" conditionals="0" coveredconditionals="0" statements="3" coveredstatements="3" elements="6" coveredelements="6"/>
    </file>
    <file name="/home/runner/work/automapper/automapper/src/FieldInterface.php">
      <metrics loc="11" ncloc="11" classes="0" methods="0" coveredmethods="0" conditionals="0" coveredconditionals="0" statements="0" coveredstatements="0" elements="0" coveredelements="0"/>
    </file>
    <file name="/home/runner/work/automapper/automapper/src/Mapper.php">
      <class name="Acelot\AutoMapper\Mapper" namespace="global">
        <metrics complexity="8" methods="4" coveredmethods="4" conditionals="0" coveredconditionals="0" statements="12" coveredstatements="12" elements="16" coveredelements="16"/>
      </class>
      <line num="20" type="method" name="__construct" visibility="public" complexity="1" crap="1" count="41"/>
      <line num="22" type="stmt" count="41"/>
      <line num="23" type="stmt" count="41"/>
      <line num="26" type="method" name="getContext" visibility="public" complexity="1" crap="1" count="1"/>
      <line num="28" type="stmt" count="1"/>
      <line num="34" type="method" name="getFields" visibility="public" complexity="1" crap="1" count="3"/>
      <line num="36" type="stmt" count="3"/>
      <line num="39" type="method" name="map" visibility="public" complexity="5" crap="5" count="37"/>
      <line num="41" type="stmt" count="37"/>
      <line num="42" type="stmt" count="37"/>
      <line num="44" type="stmt" count="37"/>
      <line num="45" type="stmt" count="3"/>
      <line num="48" type="stmt" count="36"/>
      <line num="49" type="stmt" count="2"/>
      <line num="52" type="stmt" count="35"/>
      <line num="53" type="stmt" count="34"/>
      <metrics loc="58" ncloc="52" classes="1" methods="4" coveredmethods="4" conditionals="0" coveredconditionals="0" statements="12" coveredstatements="12" elements="16" coveredelements="16"/>
    </file>
    <file name="/home/runner/work/automapper/automapper/src/MapperExceptionInterface.php">
      <metrics loc="10" ncloc="10" classes="0" methods="0" coveredmethods="0" conditionals="0" coveredconditionals="0" statements="0" coveredstatements="0" elements="0" coveredelements="0"/>
    </file>
    <file name="/home/runner/work/automapper/automapper/src/MapperFactory.php">
      <class name="Acelot\AutoMapper\MapperFactory" namespace="global">
        <metrics complexity="1" methods="1" coveredmethods="1" conditionals="0" coveredconditionals="0" statements="1" coveredstatements="1" elements="2" coveredelements="2"/>
      </class>
      <line num="9" type="method" name="create" visibility="public" complexity="1" crap="1" count="2"/>
      <line num="11" type="stmt" count="2"/>
      <metrics loc="14" ncloc="14" classes="1" methods="1" coveredmethods="1" conditionals="0" coveredconditionals="0" statements="1" coveredstatements="1" elements="2" coveredelements="2"/>
    </file>
    <file name="/home/runner/work/automapper/automapper/src/MapperFactoryInterface.php">
      <metrics loc="11" ncloc="11" classes="0" methods="0" coveredmethods="0" conditionals="0" coveredconditionals="0" statements="0" coveredstatements="0" elements="0" coveredelements="0"/>
    </file>
    <file name="/home/runner/work/automapper/automapper/src/MapperInterface.php">
      <metrics loc="9" ncloc="9" classes="0" methods="0" coveredmethods="0" conditionals="0" coveredconditionals="0" statements="0" coveredstatements="0" elements="0" coveredelements="0"/>
    </file>
    <file name="/home/runner/work/automapper/automapper/src/ObjectFieldInterface.php">
      <metrics loc="8" ncloc="8" classes="0" methods="0" coveredmethods="0" conditionals="0" coveredconditionals="0" statements="0" coveredstatements="0" elements="0" coveredelements="0"/>
    </file>
    <file name="/home/runner/work/automapper/automapper/src/Path/Parser.php">
      <class name="Acelot\AutoMapper\Path\Parser" namespace="global">
        <metrics complexity="10" methods="3" coveredmethods="3" conditionals="0" coveredconditionals="0" statements="25" coveredstatements="25" elements="28" coveredelements="28"/>
      </class>
      <line num="48" type="method" name="parse" visibility="public" complexity="3" crap="3" count="42"/>
      <line num="50" type="stmt" count="42"/>
      <line num="51" type="stmt" count="1"/>
      <line num="54" type="stmt" count="41"/>
      <line num="55" type="stmt" count="1"/>
      <line num="58" type="stmt" count="40"/>
      <line num="60" type="stmt" count="40"/>
      <line num="63" type="method" name="getTokens" visibility="private" complexity="4" crap="4" count="40"/>
      <line num="65" type="stmt" count="40"/>
      <line num="67" type="stmt" count="40"/>
      <line num="68" type="stmt" count="40"/>
      <line num="69" type="stmt" count="40"/>
      <line num="70" type="stmt" count="40"/>
      <line num="71" type="stmt" count="40"/>
      <line num="76" type="stmt" count="40"/>
      <line num="79" type="method" name="convertToParts" visibility="private" complexity="3" crap="3" count="40"/>
      <line num="81" type="stmt" count="40"/>
      <line num="83" type="stmt" count="40"/>
      <line num="84" type="stmt" count="40"/>
      <line num="85" type="stmt" count="40"/>
      <line num="86" type="stmt" count="40"/>
      <line num="87" type="stmt" count="40"/>
      <line num="88" type="stmt" count="40"/>
      <line num="89" type="stmt" count="40"/>
      <line num="90" type="stmt" count="40"/>
      <line num="91" type="stmt" count="40"/>
      <line num="92" type="stmt" count="40"/>
      <line num="95" type="stmt" count="40"/>
      <metrics loc="98" ncloc="90" classes="1" methods="3" coveredmethods="3" conditionals="0" coveredconditionals="0" statements="25" coveredstatements="25" elements="28" coveredelements="28"/>
    </file>
    <file name="/home/runner/work/automapper/automapper/src/Path/ParserInterface.php">
      <metrics loc="9" ncloc="9" classes="0" methods="0" coveredmethods="0" conditionals="0" coveredconditionals="0" statements="0" coveredstatements="0" elements="0" coveredelements="0"/>
    </file>
    <file name="/home/runner/work/automapper/automapper/src/Path/Part/ArrayKey.php">
      <class name="Acelot\AutoMapper\Path\Part\ArrayKey" namespace="global">
        <metrics complexity="2" methods="2" coveredmethods="2" conditionals="0" coveredconditionals="0" statements="2" coveredstatements="2" elements="4" coveredelements="4"/>
      </class>
      <line num="9" type="method" name="__construct" visibility="public" complexity="1" crap="1" count="35"/>
      <line num="11" type="stmt" count="35"/>
      <line num="13" type="method" name="getKey" visibility="public" complexity="1" crap="1" count="35"/>
      <line num="15" type="stmt" count="35"/>
      <metrics loc="18" ncloc="18" classes="1" methods="2" coveredmethods="2" conditionals="0" coveredconditionals="0" statements="2" coveredstatements="2" elements="4" coveredelements="4"/>
    </file>
    <file name="/home/runner/work/automapper/automapper/src/Path/Part/ArrayKeyFirst.php">
      <class name="Acelot\AutoMapper\Path\Part\ArrayKeyFirst" namespace="global">
        <metrics complexity="0" methods="0" coveredmethods="0" conditionals="0" coveredconditionals="0" statements="0" coveredstatements="0" elements="0" coveredelements="0"/>
      </class>
      <metrics loc="10" ncloc="10" classes="0" methods="0" coveredmethods="0" conditionals="0" coveredconditionals="0" statements="0" coveredstatements="0" elements="0" coveredelements="0"/>
    </file>
    <file name="/home/runner/work/automapper/automapper/src/Path/Part/ArrayKeyLast.php">
      <class name="Acelot\AutoMapper\Path\Part\ArrayKeyLast" namespace="global">
        <metrics complexity="0" methods="0" coveredmethods="0" conditionals="0" coveredconditionals="0" statements="0" coveredstatements="0" elements="0" coveredelements="0"/>
      </class>
      <metrics loc="10" ncloc="10" classes="0" methods="0" coveredmethods="0" conditionals="0" coveredconditionals="0" statements="0" coveredstatements="0" elements="0" coveredelements="0"/>
    </file>
    <file name="/home/runner/work/automapper/automapper/src/Path/Part/ObjectMethod.php">
      <class name="Acelot\AutoMapper\Path\Part\ObjectMethod" namespace="global">
        <metrics complexity="2" methods="2" coveredmethods="2" conditionals="0" coveredconditionals="0" statements="2" coveredstatements="2" elements="4" coveredelements="4"/>
      </class>
      <line num="9" type="method" name="__construct" visibility="public" complexity="1" crap="1" count="4"/>
      <line num="11" type="stmt" count="4"/>
      <line num="13" type="method" name="getMethod" visibility="public" complexity="1" crap="1" count="4"/>
      <line num="15" type="stmt" count="4"/>
      <metrics loc="18" ncloc="18" classes="1" methods="2" coveredmethods="2" conditionals="0" coveredconditionals="0" statements="2" coveredstatements="2" elements="4" coveredelements="4"/>
    </file>
    <file name="/home/runner/work/automapper/automapper/src/Path/Part/ObjectProp.php">
      <class name="Acelot\AutoMapper\Path\Part\ObjectProp" namespace="global">
        <metrics complexity="2" methods="2" coveredmethods="2" conditionals="0" coveredconditionals="0" statements="2" coveredstatements="2" elements="4" coveredelements="4"/>
      </class>
      <line num="9" type="method" name="__construct" visibility="public" complexity="1" crap="1" count="4"/>
      <line num="11" type="stmt" count="4"/>
      <line num="13" type="method" name="getProperty" visibility="public" complexity="1" crap="1" count="4"/>
      <line num="15" type="stmt" count="4"/>
      <metrics loc="18" ncloc="18" classes="1" methods="2" coveredmethods="2" conditionals="0" coveredconditionals="0" statements="2" coveredstatements="2" elements="4" coveredelements="4"/>
    </file>
    <file name="/home/runner/work/automapper/automapper/src/Path/Part/SelfPointer.php">
      <class name="Acelot\AutoMapper\Path\Part\SelfPointer" namespace="global">
        <metrics complexity="0" methods="0" coveredmethods="0" conditionals="0" coveredconditionals="0" statements="0" coveredstatements="0" elements="0" coveredelements="0"/>
      </class>
      <metrics loc="10" ncloc="10" classes="0" methods="0" coveredmethods="0" conditionals="0" coveredconditionals="0" statements="0" coveredstatements="0" elements="0" coveredelements="0"/>
    </file>
    <file name="/home/runner/work/automapper/automapper/src/Path/PartInterface.php">
      <metrics loc="8" ncloc="8" classes="0" methods="0" coveredmethods="0" conditionals="0" coveredconditionals="0" statements="0" coveredstatements="0" elements="0" coveredelements="0"/>
    </file>
    <file name="/home/runner/work/automapper/automapper/src/Path/Path.php">
      <class name="Acelot\AutoMapper\Path\Path" namespace="global">
        <metrics complexity="2" methods="2" coveredmethods="2" conditionals="0" coveredconditionals="0" statements="2" coveredstatements="2" elements="4" coveredelements="4"/>
      </class>
      <line num="12" type="method" name="__construct" visibility="public" complexity="1" crap="1" count="42"/>
      <line num="14" type="stmt" count="42"/>
      <line num="20" type="method" name="getParts" visibility="public" complexity="1" crap="1" count="42"/>
      <line num="22" type="stmt" count="42"/>
      <metrics loc="25" ncloc="19" classes="1" methods="2" coveredmethods="2" conditionals="0" coveredconditionals="0" statements="2" coveredstatements="2" elements="4" coveredelements="4"/>
    </file>
    <file name="/home/runner/work/automapper/automapper/src/Path/PathInterface.php">
      <metrics loc="12" ncloc="9" classes="0" methods="0" coveredmethods="0" conditionals="0" coveredconditionals="0" statements="0" coveredstatements="0" elements="0" coveredelements="0"/>
    </file>
    <file name="/home/runner/work/automapper/automapper/src/Processor/Call.php">
      <class name="Acelot\AutoMapper\Processor\Call" namespace="global">
        <metrics complexity="4" methods="2" coveredmethods="2" conditionals="0" coveredconditionals="0" statements="7" coveredstatements="7" elements="9" coveredelements="9"/>
      </class>
      <line num="17" type="method" name="__construct" visibility="public" complexity="1" crap="1" count="18"/>
      <line num="19" type="stmt" count="18"/>
      <line num="22" type="method" name="process" visibility="public" complexity="3" crap="3" count="18"/>
      <line num="24" type="stmt" count="18"/>
      <line num="25" type="stmt" count="1"/>
      <line num="28" type="stmt" count="17"/>
      <line num="30" type="stmt" count="17"/>
      <line num="31" type="stmt" count="17"/>
      <line num="34" type="stmt" count="17"/>
      <metrics loc="37" ncloc="34" classes="1" methods="2" coveredmethods="2" conditionals="0" coveredconditionals="0" statements="7" coveredstatements="7" elements="9" coveredelements="9"/>
    </file>
    <file name="/home/runner/work/automapper/automapper/src/Processor/CallWithContext.php">
      <class name="Acelot\AutoMapper\Processor\CallWithContext" namespace="global">
        <metrics complexity="4" methods="2" coveredmethods="2" conditionals="0" coveredconditionals="0" statements="7" coveredstatements="7" elements="9" coveredelements="9"/>
      </class>
      <line num="17" type="method" name="__construct" visibility="public" complexity="1" crap="1" count="4"/>
      <line num="19" type="stmt" count="4"/>
      <line num="22" type="method" name="process" visibility="public" complexity="3" crap="3" count="4"/>
      <line num="24" type="stmt" count="4"/>
      <line num="25" type="stmt" count="1"/>
      <line num="28" type="stmt" count="3"/>
      <line num="30" type="stmt" count="3"/>
      <line num="31" type="stmt" count="3"/>
      <line num="34" type="stmt" count="3"/>
      <metrics loc="37" ncloc="34" classes="1" methods="2" coveredmethods="2" conditionals="0" coveredconditionals="0" statements="7" coveredstatements="7" elements="9" coveredelements="9"/>
    </file>
    <file name="/home/runner/work/automapper/automapper/src/Processor/Condition.php">
      <class name="Acelot\AutoMapper\Processor\Condition" namespace="global">
        <metrics complexity="4" methods="2" coveredmethods="2" conditionals="0" coveredconditionals="0" statements="4" coveredstatements="4" elements="6" coveredelements="6"/>
      </class>
      <line num="17" type="method" name="__construct" visibility="public" complexity="1" crap="1" count="18"/>
      <line num="23" type="stmt" count="18"/>
      <line num="26" type="method" name="process" visibility="public" complexity="3" crap="3" count="18"/>
      <line num="28" type="stmt" count="18"/>
      <line num="29" type="stmt" count="16"/>
      <line num="32" type="stmt" count="5"/>
      <metrics loc="35" ncloc="32" classes="1" methods="2" coveredmethods="2" conditionals="0" coveredconditionals="0" statements="4" coveredstatements="4" elements="6" coveredelements="6"/>
    </file>
    <file name="/home/runner/work/automapper/automapper/src/Processor/ConditionWithContext.php">
      <class name="Acelot\AutoMapper\Processor\ConditionWithContext" namespace="global">
        <metrics complexity="4" methods="2" coveredmethods="2" conditionals="0" coveredconditionals="0" statements="8" coveredstatements="8" elements="10" coveredelements="10"/>
      </class>
      <line num="17" type="method" name="__construct" visibility="public" complexity="1" crap="1" count="4"/>
      <line num="23" type="stmt" count="4"/>
      <line num="26" type="method" name="process" visibility="public" complexity="3" crap="3" count="4"/>
      <line num="28" type="stmt" count="4"/>
      <line num="29" type="stmt" count="4"/>
      <line num="30" type="stmt" count="4"/>
      <line num="31" type="stmt" count="4"/>
      <line num="33" type="stmt" count="4"/>
      <line num="34" type="stmt" count="2"/>
      <line num="37" type="stmt" count="3"/>
      <metrics loc="40" ncloc="37" classes="1" methods="2" coveredmethods="2" conditionals="0" coveredconditionals="0" statements="8" coveredstatements="8" elements="10" coveredelements="10"/>
    </file>
    <file name="/home/runner/work/automapper/automapper/src/Processor/Find.php">
      <class name="Acelot\AutoMapper\Processor\Find" namespace="global">
        <metrics complexity="6" methods="2" coveredmethods="2" conditionals="0" coveredconditionals="0" statements="9" coveredstatements="9" elements="11" coveredelements="11"/>
      </class>
      <line num="22" type="method" name="__construct" visibility="public" complexity="1" crap="1" count="7"/>
      <line num="24" type="stmt" count="7"/>
      <line num="27" type="method" name="process" visibility="public" complexity="5" crap="5" count="7"/>
      <line num="29" type="stmt" count="7"/>
      <line num="30" type="stmt" count="1"/>
      <line num="33" type="stmt" count="6"/>
      <line num="34" type="stmt" count="1"/>
      <line num="37" type="stmt" count="5"/>
      <line num="38" type="stmt" count="5"/>
      <line num="39" type="stmt" count="3"/>
      <line num="43" type="stmt" count="2"/>
      <metrics loc="46" ncloc="40" classes="1" methods="2" coveredmethods="2" conditionals="0" coveredconditionals="0" statements="9" coveredstatements="9" elements="11" coveredelements="11"/>
    </file>
    <file name="/home/runner/work/automapper/automapper/src/Processor/FindWithContext.php">
      <class name="Acelot\AutoMapper\Processor\FindWithContext" namespace="global">
        <metrics complexity="6" methods="2" coveredmethods="2" conditionals="0" coveredconditionals="0" statements="9" coveredstatements="9" elements="11" coveredelements="11"/>
      </class>
      <line num="22" type="method" name="__construct" visibility="public" complexity="1" crap="1" count="8"/>
      <line num="24" type="stmt" count="8"/>
      <line num="27" type="method" name="process" visibility="public" complexity="5" crap="5" count="8"/>
      <line num="29" type="stmt" count="8"/>
      <line num="30" type="stmt" count="1"/>
      <line num="33" type="stmt" count="7"/>
      <line num="34" type="stmt" count="1"/>
      <line num="37" type="stmt" count="6"/>
      <line num="38" type="stmt" count="6"/>
      <line num="39" type="stmt" count="4"/>
      <line num="43" type="stmt" count="2"/>
      <metrics loc="46" ncloc="40" classes="1" methods="2" coveredmethods="2" conditionals="0" coveredconditionals="0" statements="9" coveredstatements="9" elements="11" coveredelements="11"/>
    </file>
    <file name="/home/runner/work/automapper/automapper/src/Processor/Get.php">
      <class name="Acelot\AutoMapper\Processor\Get" namespace="global">
        <metrics complexity="5" methods="2" coveredmethods="2" conditionals="0" coveredconditionals="0" statements="11" coveredstatements="11" elements="13" coveredelements="13"/>
      </class>
      <line num="15" type="method" name="__construct" visibility="public" complexity="1" crap="1" count="38"/>
      <line num="19" type="stmt" count="38"/>
      <line num="21" type="method" name="process" visibility="public" complexity="4" crap="4" count="38"/>
      <line num="23" type="stmt" count="38"/>
      <line num="24" type="stmt" count="1"/>
      <line num="27" type="stmt" count="37"/>
      <line num="28" type="stmt" count="37"/>
      <line num="30" type="stmt" count="37"/>
      <line num="31" type="stmt" count="36"/>
      <line num="33" type="stmt" count="36"/>
      <line num="34" type="stmt" count="1"/>
      <line num="37" type="stmt" count="35"/>
      <line num="40" type="stmt" count="36"/>
      <metrics loc="43" ncloc="43" classes="1" methods="2" coveredmethods="2" conditionals="0" coveredconditionals="0" statements="11" coveredstatements="11" elements="13" coveredelements="13"/>
    </file>
    <file name="/home/runner/work/automapper/automapper/src/Processor/GetFromContext.php">
      <class name="Acelot\AutoMapper\Processor\GetFromContext" namespace="global">
        <metrics complexity="3" methods="2" coveredmethods="2" conditionals="0" coveredconditionals="0" statements="4" coveredstatements="4" elements="6" coveredelements="6"/>
      </class>
      <line num="13" type="method" name="__construct" visibility="public" complexity="1" crap="1" count="5"/>
      <line num="15" type="stmt" count="5"/>
      <line num="17" type="method" name="process" visibility="public" complexity="2" crap="2" count="5"/>
      <line num="19" type="stmt" count="5"/>
      <line num="20" type="stmt" count="2"/>
      <line num="23" type="stmt" count="3"/>
      <metrics loc="26" ncloc="26" classes="1" methods="2" coveredmethods="2" conditionals="0" coveredconditionals="0" statements="4" coveredstatements="4" elements="6" coveredelements="6"/>
    </file>
    <file name="/home/runner/work/automapper/automapper/src/Processor/Ignore.php">
      <class name="Acelot\AutoMapper\Processor\Ignore" namespace="global">
        <metrics complexity="1" methods="1" coveredmethods="1" conditionals="0" coveredconditionals="0" statements="1" coveredstatements="1" elements="2" coveredelements="2"/>
      </class>
      <line num="12" type="method" name="process" visibility="public" complexity="1" crap="1" count="4"/>
      <line num="14" type="stmt" count="4"/>
      <metrics loc="17" ncloc="17" classes="1" methods="1" coveredmethods="1" conditionals="0" coveredconditionals="0" statements="1" coveredstatements="1" elements="2" coveredelements="2"/>
    </file>
    <file name="/home/runner/work/automapper/automapper/src/Processor/MapIterable.php">
      <class name="Acelot\AutoMapper\Processor\MapIterable" namespace="global">
        <metrics complexity="10" methods="3" coveredmethods="3" conditionals="0" coveredconditionals="0" statements="16" coveredstatements="16" elements="19" coveredelements="19"/>
      </class>
      <line num="17" type="method" name="__construct" visibility="public" complexity="1" crap="1" count="12"/>
      <line num="20" type="stmt" count="12"/>
      <line num="22" type="method" name="process" visibility="public" complexity="3" crap="3" count="12"/>
      <line num="24" type="stmt" count="12"/>
      <line num="25" type="stmt" count="1"/>
      <line num="28" type="stmt" count="11"/>
      <line num="29" type="stmt" count="1"/>
      <line num="32" type="stmt" count="10"/>
      <line num="35" type="method" name="map" visibility="private" complexity="6" crap="6" count="10"/>
      <line num="37" type="stmt" count="10"/>
      <line num="38" type="stmt" count="10"/>
      <line num="40" type="stmt" count="10"/>
      <line num="41" type="stmt" count="3"/>
      <line num="44" type="stmt" count="10"/>
      <line num="45" type="stmt" count="1"/>
      <line num="48" type="stmt" count="10"/>
      <line num="49" type="stmt" count="8"/>
      <line num="50" type="stmt" count="3"/>
      <line num="52" type="stmt" count="5"/>
      <metrics loc="58" ncloc="58" classes="1" methods="3" coveredmethods="3" conditionals="0" coveredconditionals="0" statements="16" coveredstatements="16" elements="19" coveredelements="19"/>
    </file>
    <file name="/home/runner/work/automapper/automapper/src/Processor/MarshalNestedArray.php">
      <class name="Acelot\AutoMapper\Processor\MarshalNestedArray" namespace="global">
        <metrics complexity="3" methods="2" coveredmethods="2" conditionals="0" coveredconditionals="0" statements="7" coveredstatements="7" elements="9" coveredelements="9"/>
      </class>
      <line num="19" type="method" name="__construct" visibility="public" complexity="1" crap="1" count="4"/>
      <line num="25" type="stmt" count="4"/>
      <line num="28" type="method" name="process" visibility="public" complexity="2" crap="2" count="4"/>
      <line num="30" type="stmt" count="4"/>
      <line num="31" type="stmt" count="1"/>
      <line num="34" type="stmt" count="3"/>
      <line num="36" type="stmt" count="3"/>
      <line num="37" type="stmt" count="3"/>
      <line num="39" type="stmt" count="3"/>
      <metrics loc="42" ncloc="39" classes="1" methods="2" coveredmethods="2" conditionals="0" coveredconditionals="0" statements="7" coveredstatements="7" elements="9" coveredelements="9"/>
    </file>
    <file name="/home/runner/work/automapper/automapper/src/Processor/MarshalNestedObject.php">
      <class name="Acelot\AutoMapper\Processor\MarshalNestedObject" namespace="global">
        <metrics complexity="3" methods="2" coveredmethods="2" conditionals="0" coveredconditionals="0" statements="7" coveredstatements="7" elements="9" coveredelements="9"/>
      </class>
      <line num="20" type="method" name="__construct" visibility="public" complexity="1" crap="1" count="4"/>
      <line num="26" type="stmt" count="4"/>
      <line num="29" type="method" name="process" visibility="public" complexity="2" crap="2" count="4"/>
      <line num="31" type="stmt" count="4"/>
      <line num="32" type="stmt" count="1"/>
      <line num="35" type="stmt" count="3"/>
      <line num="37" type="stmt" count="3"/>
      <line num="38" type="stmt" count="3"/>
      <line num="40" type="stmt" count="3"/>
      <metrics loc="43" ncloc="40" classes="1" methods="2" coveredmethods="2" conditionals="0" coveredconditionals="0" statements="7" coveredstatements="7" elements="9" coveredelements="9"/>
    </file>
    <file name="/home/runner/work/automapper/automapper/src/Processor/NotFound.php">
      <class name="Acelot\AutoMapper\Processor\NotFound" namespace="global">
        <metrics complexity="2" methods="2" coveredmethods="2" conditionals="0" coveredconditionals="0" statements="2" coveredstatements="2" elements="4" coveredelements="4"/>
      </class>
      <line num="12" type="method" name="__construct" visibility="public" complexity="1" crap="1" count="3"/>
      <line num="14" type="stmt" count="3"/>
      <line num="16" type="method" name="process" visibility="public" complexity="1" crap="1" count="3"/>
      <line num="18" type="stmt" count="3"/>
      <metrics loc="21" ncloc="21" classes="1" methods="2" coveredmethods="2" conditionals="0" coveredconditionals="0" statements="2" coveredstatements="2" elements="4" coveredelements="4"/>
    </file>
    <file name="/home/runner/work/automapper/automapper/src/Processor/Pass.php">
      <class name="Acelot\AutoMapper\Processor\Pass" namespace="global">
        <metrics complexity="1" methods="1" coveredmethods="1" conditionals="0" coveredconditionals="0" statements="1" coveredstatements="1" elements="2" coveredelements="2"/>
      </class>
      <line num="11" type="method" name="process" visibility="public" complexity="1" crap="1" count="6"/>
      <line num="13" type="stmt" count="6"/>
      <metrics loc="16" ncloc="16" classes="1" methods="1" coveredmethods="1" conditionals="0" coveredconditionals="0" statements="1" coveredstatements="1" elements="2" coveredelements="2"/>
    </file>
    <file name="/home/runner/work/automapper/automapper/src/Processor/Pipeline.php">
      <class name="Acelot\AutoMapper\Processor\Pipeline" namespace="global">
        <metrics complexity="3" methods="2" coveredmethods="2" conditionals="0" coveredconditionals="0" statements="4" coveredstatements="4" elements="6" coveredelements="6"/>
      </class>
      <line num="16" type="method" name="__construct" visibility="public" complexity="1" crap="1" count="26"/>
      <line num="18" type="stmt" count="26"/>
      <line num="21" type="method" name="process" visibility="public" complexity="2" crap="2" count="26"/>
      <line num="23" type="stmt" count="26"/>
      <line num="24" type="stmt" count="26"/>
      <line num="27" type="stmt" count="26"/>
      <metrics loc="30" ncloc="27" classes="1" methods="2" coveredmethods="2" conditionals="0" coveredconditionals="0" statements="4" coveredstatements="4" elements="6" coveredelements="6"/>
    </file>
    <file name="/home/runner/work/automapper/automapper/src/Processor/Value.php">
      <class name="Acelot\AutoMapper\Processor\Value" namespace="global">
        <metrics complexity="3" methods="2" coveredmethods="2" conditionals="0" coveredconditionals="0" statements="4" coveredstatements="4" elements="6" coveredelements="6"/>
      </class>
      <line num="12" type="method" name="__construct" visibility="public" complexity="1" crap="1" count="9"/>
      <line num="14" type="stmt" count="9"/>
      <line num="16" type="method" name="process" visibility="public" complexity="2" crap="2" count="8"/>
      <line num="18" type="stmt" count="8"/>
      <line num="19" type="stmt" count="1"/>
      <line num="22" type="stmt" count="7"/>
      <metrics loc="25" ncloc="25" classes="1" methods="2" coveredmethods="2" conditionals="0" coveredconditionals="0" statements="4" coveredstatements="4" elements="6" coveredelements="6"/>
    </file>
    <file name="/home/runner/work/automapper/automapper/src/ProcessorInterface.php">
      <metrics loc="11" ncloc="11" classes="0" methods="0" coveredmethods="0" conditionals="0" coveredconditionals="0" statements="0" coveredstatements="0" elements="0" coveredelements="0"/>
    </file>
    <file name="/home/runner/work/automapper/automapper/src/Value/IgnoreValue.php">
      <class name="Acelot\AutoMapper\Value\IgnoreValue" namespace="global">
        <metrics complexity="0" methods="0" coveredmethods="0" conditionals="0" coveredconditionals="0" statements="0" coveredstatements="0" elements="0" coveredelements="0"/>
      </class>
      <metrics loc="10" ncloc="10" classes="0" methods="0" coveredmethods="0" conditionals="0" coveredconditionals="0" statements="0" coveredstatements="0" elements="0" coveredelements="0"/>
    </file>
    <file name="/home/runner/work/automapper/automapper/src/Value/NotFoundValue.php">
      <class name="Acelot\AutoMapper\Value\NotFoundValue" namespace="global">
        <metrics complexity="2" methods="2" coveredmethods="2" conditionals="0" coveredconditionals="0" statements="2" coveredstatements="2" elements="4" coveredelements="4"/>
      </class>
      <line num="9" type="method" name="__construct" visibility="public" complexity="1" crap="1" count="3"/>
      <line num="11" type="stmt" count="3"/>
      <line num="13" type="method" name="getPath" visibility="public" complexity="1" crap="1" count="2"/>
      <line num="15" type="stmt" count="2"/>
      <metrics loc="18" ncloc="18" classes="1" methods="2" coveredmethods="2" conditionals="0" coveredconditionals="0" statements="2" coveredstatements="2" elements="4" coveredelements="4"/>
    </file>
    <file name="/home/runner/work/automapper/automapper/src/Value/UserValue.php">
      <class name="Acelot\AutoMapper\Value\UserValue" namespace="global">
        <metrics complexity="2" methods="2" coveredmethods="2" conditionals="0" coveredconditionals="0" statements="2" coveredstatements="2" elements="4" coveredelements="4"/>
      </class>
      <line num="9" type="method" name="__construct" visibility="public" complexity="1" crap="1" count="34"/>
      <line num="11" type="stmt" count="34"/>
      <line num="13" type="method" name="getValue" visibility="public" complexity="1" crap="1" count="34"/>
      <line num="15" type="stmt" count="34"/>
      <metrics loc="18" ncloc="18" classes="1" methods="2" coveredmethods="2" conditionals="0" coveredconditionals="0" statements="2" coveredstatements="2" elements="4" coveredelements="4"/>
    </file>
    <file name="/home/runner/work/automapper/automapper/src/ValueInterface.php">
      <metrics loc="8" ncloc="8" classes="0" methods="0" coveredmethods="0" conditionals="0" coveredconditionals="0" statements="0" coveredstatements="0" elements="0" coveredelements="0"/>
    </file>
    <file name="/home/runner/work/automapper/automapper/src/functions.php">
      <line num="16" type="stmt" count="3"/>
      <line num="17" type="stmt" count="3"/>
      <line num="22" type="stmt" count="29"/>
      <line num="24" type="stmt" count="29"/>
      <line num="25" type="stmt" count="29"/>
      <line num="27" type="stmt" count="28"/>
      <line num="32" type="stmt" count="1"/>
      <line num="34" type="stmt" count="1"/>
      <line num="35" type="stmt" count="1"/>
      <line num="37" type="stmt" count="1"/>
      <line num="45" type="stmt" count="30"/>
      <line num="50" type="stmt" count="2"/>
      <line num="55" type="stmt" count="1"/>
      <line num="60" type="stmt" count="1"/>
      <line num="68" type="stmt" count="15"/>
      <line num="73" type="stmt" count="1"/>
      <line num="82" type="stmt" count="15"/>
      <line num="91" type="stmt" count="1"/>
      <line num="96" type="stmt" count="1"/>
      <line num="101" type="stmt" count="1"/>
      <line num="106" type="stmt" count="31"/>
      <line num="111" type="stmt" count="1"/>
      <line num="116" type="stmt" count="4"/>
      <line num="121" type="stmt" count="4"/>
      <line num="126" type="stmt" count="1"/>
      <line num="131" type="stmt" count="1"/>
      <line num="136" type="stmt" count="2"/>
      <line num="141" type="stmt" count="7"/>
      <line num="146" type="stmt" count="6"/>
      <line num="151" type="stmt" count="24"/>
      <line num="159" type="stmt" count="1"/>
      <line num="160" type="stmt" count="1"/>
      <line num="161" type="stmt" count="1"/>
      <line num="162" type="stmt" count="1"/>
      <line num="163" type="stmt" count="1"/>
      <line num="168" type="stmt" count="1"/>
      <line num="169" type="stmt" count="1"/>
      <line num="170" type="stmt" count="1"/>
      <line num="171" type="stmt" count="1"/>
      <line num="172" type="stmt" count="1"/>
      <line num="174" type="stmt" count="1"/>
      <line num="177" type="stmt" count="1"/>
      <line num="178" type="stmt" count="1"/>
      <line num="179" type="stmt" count="1"/>
      <line num="180" type="stmt" count="1"/>
      <line num="185" type="stmt" count="1"/>
      <line num="186" type="stmt" count="1"/>
      <line num="187" type="stmt" count="1"/>
      <line num="188" type="stmt" count="1"/>
      <line num="190" type="stmt" count="1"/>
      <line num="191" type="stmt" count="1"/>
      <line num="192" type="stmt" count="1"/>
      <line num="193" type="stmt" count="1"/>
      <line num="198" type="stmt" count="1"/>
      <line num="203" type="stmt" count="2"/>
      <line num="208" type="stmt" count="1"/>
      <line num="213" type="stmt" count="1"/>
      <line num="218" type="stmt" count="1"/>
      <line num="223" type="stmt" count="1"/>
      <line num="224" type="stmt" count="1"/>
      <line num="225" type="stmt" count="1"/>
      <line num="226" type="stmt" count="1"/>
      <line num="227" type="stmt" count="1"/>
      <line num="232" type="stmt" count="2"/>
      <line num="233" type="stmt" count="2"/>
      <line num="234" type="stmt" count="2"/>
      <line num="235" type="stmt" count="2"/>
      <line num="236" type="stmt" count="2"/>
      <line num="241" type="stmt" count="1"/>
      <line num="246" type="stmt" count="1"/>
      <line num="247" type="stmt" count="1"/>
      <line num="248" type="stmt" count="1"/>
      <line num="249" type="stmt" count="1"/>
      <line num="250" type="stmt" count="1"/>
      <line num="255" type="stmt" count="1"/>
      <line num="256" type="stmt" count="1"/>
      <line num="257" type="stmt" count="1"/>
      <line num="258" type="stmt" count="1"/>
      <line num="259" type="stmt" count="1"/>
      <line num="264" type="stmt" count="1"/>
      <line num="265" type="stmt" count="1"/>
      <line num="266" type="stmt" count="1"/>
      <line num="267" type="stmt" count="1"/>
      <line num="268" type="stmt" count="1"/>
      <line num="273" type="stmt" count="5"/>
      <line num="274" type="stmt" count="5"/>
      <line num="275" type="stmt" count="5"/>
      <line num="278" type="stmt" count="1"/>
      <line num="279" type="stmt" count="1"/>
      <line num="282" type="stmt" count="1"/>
      <line num="283" type="stmt" count="5"/>
      <line num="288" type="stmt" count="8"/>
      <metrics loc="291" ncloc="283" classes="0" methods="0" coveredmethods="0" conditionals="0" coveredconditionals="0" statements="92" coveredstatements="92" elements="92" coveredelements="92"/>
    </file>
    <metrics files="58" loc="1711" ncloc="1644" classes="40" methods="94" coveredmethods="94" conditionals="0" coveredconditionals="0" statements="307" coveredstatements="307" elements="401" coveredelements="401"/>
  </project>
</coverage>
